<?xml version='1.0' encoding='UTF-8'?>
<testsuite hostname="DELL-XPS15" name="SevenSegCountSpec" tests="1" errors="0" failures="0" skipped="0" time="2.51" timestamp="2023-03-09T16:52:30">
          <properties>
      <property name="java.specification.version" value="19"/><property name="sun.cpu.isalist" value="amd64"/><property name="sun.jnu.encoding" value="Cp1252"/><property name="sun.arch.data.model" value="64"/><property name="java.vendor.url" value="https://java.oracle.com/"/><property name="sun.boot.library.path" value="C:\Program Files\Java\jdk-19\bin"/><property name="sun.java.command" value="xsbt.boot.Boot testOnly SevenSegCountSpec"/><property name="jdk.debug" value="release"/><property name="java.specification.vendor" value="Oracle Corporation"/><property name="java.version.date" value="2023-01-17"/><property name="java.home" value="C:\Program Files\Java\jdk-19"/><property name="file.separator" value="\"/><property name="java.vm.compressedOopsMode" value="32-bit"/><property name="line.separator" value="
"/><property name="java.vm.specification.vendor" value="Oracle Corporation"/><property name="java.specification.name" value="Java Platform API Specification"/><property name="user.script" value=""/><property name="sun.management.compiler" value="HotSpot 64-Bit Tiered Compilers"/><property name="java.runtime.version" value="19.0.2+7-44"/><property name="user.name" value="Darryl Theodorus C"/><property name="log4j.ignoreTCL" value="true"/><property name="file.encoding" value="UTF-8"/><property name="jnidispatch.path" value="C:\Users\Darryl Theodorus C\AppData\Local\Temp\jna--1519367078\jna4553736102954661715.dll"/><property name="jna.loaded" value="true"/><property name="java.io.tmpdir" value="C:\Users\Darryl Theodorus C\AppData\Local\Temp\"/><property name="java.version" value="19.0.2"/><property name="java.vm.specification.name" value="Java Virtual Machine Specification"/><property name="sun.os.patch.level" value=""/><property name="native.encoding" value="Cp1252"/><property name="java.library.path" value="C:\Program Files\Java\jdk-19\bin;C:\WINDOWS\Sun\Java\bin;C:\WINDOWS\system32;C:\WINDOWS;C:\Program Files\Common Files\Oracle\Java\javapath;C:\Windows\system32;C:\Windows;C:\Windows\System32\Wbem;C:\Windows\System32\WindowsPowerShell\v1.0\;C:\Windows\System32\OpenSSH\;C:\Program Files (x86)\NVIDIA Corporation\PhysX\Common;C:\Program Files\NVIDIA Corporation\NVIDIA NvDLISR;C:\Program Files\dotnet\;C:\Program Files (x86)\Pulse Secure\VC142.CRT\X64\;C:\Program Files (x86)\Pulse Secure\VC142.CRT\X86\;C:\WINDOWS\system32;C:\WINDOWS;C:\WINDOWS\System32\Wbem;C:\WINDOWS\System32\WindowsPowerShell\v1.0\;C:\WINDOWS\System32\OpenSSH\;C:\Program Files\MATLAB\R2022b\bin;C:\Program Files\Git\cmd;C:\Program Files (x86)\sbt\bin;C:\Program Files\Pandoc\;C:\Program Files\PowerShell\7\;C:\Program Files\Cloudflare\Cloudflare WARP\;C:\Users\Darryl Theodorus C\AppData\Local\Programs\Python\Python310\Scripts\;C:\Users\Darryl Theodorus C\AppData\Local\Programs\Python\Python310\;C:\Users\Darryl Theodorus C\AppData\Local\Microsoft\WindowsApps;C:\Users\Darryl Theodorus C\AppData\Local\Programs\Microsoft VS Code\bin;C:\MinGW\bin;C:\Users\Darryl Theodorus C\AppData\Local\Programs\MiKTeX\miktex\bin\x64\;C:\Users\Darryl Theodorus C\AppData\Local\Programs\MiKTeX2\miktex\bin\x64\;C:\Users\Darryl Theodorus C\AppData\Local\GitHubDesktop\bin;C:\Program Files\JetBrains\PyCharm 2022.3.2\bin;C:\Program Files\JetBrains\IntelliJ IDEA 2022.3.2\bin;C:\Users\Darryl Theodorus C\AppData\Local\JetBrains\Toolbox\scripts;;."/><property name="stderr.encoding" value="cp437"/><property name="java.vendor" value="Oracle Corporation"/><property name="scala.ext.dirs" value="C:\Users\Darryl Theodorus C\.sbt\1.0\java9-rt-ext-oracle_corporation_19_0_2"/><property name="sun.io.unicode.encoding" value="UnicodeLittle"/><property name="java.class.path" value="C:\Program Files (x86)\sbt\\bin\sbt-launch.jar"/><property name="java.vm.vendor" value="Oracle Corporation"/><property name="user.variant" value=""/><property name="jline.shutdownhook" value="false"/><property name="user.timezone" value="Europe/Paris"/><property name="java.vm.specification.version" value="19"/><property name="os.name" value="Windows 11"/><property name="sun.java.launcher" value="SUN_STANDARD"/><property name="user.country" value="ID"/><property name="sun.cpu.endian" value="little"/><property name="user.home" value="C:\Users\Darryl Theodorus C"/><property name="user.language" value="en"/><property name="sbt.ipcsocket.tmpdir" value="C:\Users\Darryl Theodorus C\AppData\Local\Temp\.sbt9912d87f\ipcsocket"/><property name="swoval.tmpdir" value="C:\Users\Darryl Theodorus C\AppData\Local\Temp\.sbt9912d87f\swoval"/><property name="jline.esc.timeout" value="0"/><property name="stdout.encoding" value="cp437"/><property name="path.separator" value=";"/><property name="os.version" value="10.0"/><property name="jna.nosys" value="true"/><property name="java.runtime.name" value="Java(TM) SE Runtime Environment"/><property name="java.vm.name" value="Java HotSpot(TM) 64-Bit Server VM"/><property name="java.vendor.url.bug" value="https://bugreport.java.com/bugreport/"/><property name="user.dir" value="C:\Users\Darryl Theodorus C\Documents\GitHub\chisel-lab\lab5"/><property name="os.arch" value="amd64"/><property name="java.vm.info" value="mixed mode, sharing"/><property name="java.vm.version" value="19.0.2+7-44"/><property name="java.class.version" value="63.0"/>
    </properties>
          <testcase classname="SevenSegCountSpec" name="SevenSegTest should pass" time="2.51">
                      
                    </testcase>
          <system-out><![CDATA[]]></system-out>
          <system-err><![CDATA[]]></system-err>
        </testsuite>